0 info it worked if it ends with ok
1 verbose cli [ '/usr/local/bin/node', '/usr/local/bin/npm', 'run', 'style' ]
2 info using npm@3.10.10
3 info using node@v6.11.1
4 verbose run-script [ 'prestyle', 'style', 'poststyle' ]
5 info lifecycle td-admin@~prestyle: td-admin@
6 silly lifecycle td-admin@~prestyle: no script for prestyle, continuing
7 info lifecycle td-admin@~style: td-admin@
8 verbose lifecycle td-admin@~style: unsafe-perm in lifecycle true
9 verbose lifecycle td-admin@~style: PATH: /usr/local/lib/node_modules/npm/bin/node-gyp-bin:/Users/haiman.zheng/projects/td-admin/node_modules/.bin:/usr/local/bin:/usr/bin:/bin:/usr/sbin:/sbin
10 verbose lifecycle td-admin@~style: CWD: /Users/haiman.zheng/projects/td-admin
11 silly lifecycle td-admin@~style: Args: [ '-c',
11 silly lifecycle   'styledown src/stylus/**/*.styl src/stylus/config.md > build/styleguide.html' ]
12 info lifecycle td-admin@~style: Failed to exec style script
13 verbose stack Error: td-admin@ style: `styledown src/stylus/**/*.styl src/stylus/config.md > build/styleguide.html`
13 verbose stack spawn ENOENT
13 verbose stack     at ChildProcess.<anonymous> (/usr/local/lib/node_modules/npm/lib/utils/spawn.js:33:16)
13 verbose stack     at emitTwo (events.js:106:13)
13 verbose stack     at ChildProcess.emit (events.js:191:7)
13 verbose stack     at maybeClose (internal/child_process.js:891:16)
13 verbose stack     at Process.ChildProcess._handle.onexit (internal/child_process.js:226:5)
14 verbose pkgid td-admin@
15 verbose cwd /Users/haiman.zheng/projects/td-admin
16 error Darwin 16.7.0
17 error argv "/usr/local/bin/node" "/usr/local/bin/npm" "run" "style"
18 error node v6.11.1
19 error npm  v3.10.10
20 error file sh
21 error code ELIFECYCLE
22 error errno ENOENT
23 error syscall spawn
24 error td-admin@ style: `styledown src/stylus/**/*.styl src/stylus/config.md > build/styleguide.html`
24 error spawn ENOENT
25 error Failed at the td-admin@ style script 'styledown src/stylus/**/*.styl src/stylus/config.md > build/styleguide.html'.
25 error Make sure you have the latest version of node.js and npm installed.
25 error If you do, this is most likely a problem with the td-admin package,
25 error not with npm itself.
25 error Tell the author that this fails on your system:
25 error     styledown src/stylus/**/*.styl src/stylus/config.md > build/styleguide.html
25 error You can get information on how to open an issue for this project with:
25 error     npm bugs td-admin
25 error Or if that isn't available, you can get their info via:
25 error     npm owner ls td-admin
25 error There is likely additional logging output above.
26 verbose exit [ 1, true ]
